-------------------------------------------------------------------------------
Test set: ru.yandex.burger.CreateOrderTest
-------------------------------------------------------------------------------
Tests run: 5, Failures: 1, Errors: 0, Skipped: 0, Time elapsed: 4.871 s <<< FAILURE! - in ru.yandex.burger.CreateOrderTest
createOrderWithIngredientsAndNoAuth(ru.yandex.burger.CreateOrderTest)  Time elapsed: 1.003 s  <<< FAILURE!
java.lang.AssertionError: 
1 expectation failed.
Expected status code <400> but was <200>.

	at ru.yandex.burger.CreateOrderTest.createOrderWithIngredientsAndNoAuth(CreateOrderTest.java:64)

