<?xml version="1.0" encoding="UTF-8"?>
<testsuite xmlns:xsi="http://www.w3.org/2001/XMLSchema-instance" xsi:noNamespaceSchemaLocation="https://maven.apache.org/surefire/maven-surefire-plugin/xsd/surefire-test-report.xsd" name="ru.yandex.burger.GetUserOrdersTest" time="2.864" tests="2" errors="0" skipped="0" failures="0">
  <properties>
[...]
</properties>
  <testcase name="getUserOrdersWithoutAuth" classname="ru.yandex.burger.GetUserOrdersTest" time="1.383"/>
  <testcase name="getUserOrdersWithAuth" classname="ru.yandex.burger.GetUserOrdersTest" time="1.468"/>
</testsuite>